<?xml version="1.0" encoding="UTF-8"?>
<!-- Generated by org.testng.reporters.JUnitReportReporter -->
<testsuite name="com.opencart.newopencart.OpencartDemo" tests="3" time="206.023" ignored="0" failures="0" timestamp="15 Feb 2018 12:42:49 GMT" skipped="0" hostname="D-113065398" errors="0">
  <testcase name="Orderhistory" time="55.000" classname="com.opencart.newopencart.OpencartDemo"/>
  <testcase name="addingPhonestocart" time="72.184" classname="com.opencart.newopencart.OpencartDemo"/>
  <testcase name="productcomparison" time="78.839" classname="com.opencart.newopencart.OpencartDemo"/>
</testsuite> <!-- com.opencart.newopencart.OpencartDemo -->
