<?xml version="1.0" encoding="UTF-8"?>
<!-- Generated by org.testng.reporters.JUnitReportReporter -->
<testsuite name="com.opencart.newopencart.AddingPhonestocart" tests="1" time="0.002" ignored="6" failures="0" timestamp="15 Feb 2018 10:36:44 GMT" skipped="1" hostname="D-113065398" errors="0">
  <testcase name="addingPhonestocart" time="0.002" classname="com.opencart.newopencart.AddingPhonestocart">
    <skipped/>
  </testcase> <!-- addingPhonestocart -->
  <testcase name="startReport" classname="com.opencart.newopencart.ExtentReportsClass">
    <skipped/>
  </testcase> <!-- startReport -->
  <testcase name="startReport" classname="com.opencart.newopencart.ExtentReportsClass">
    <skipped/>
  </testcase> <!-- startReport -->
  <testcase name="startReport" classname="com.opencart.newopencart.ExtentReportsClass">
    <skipped/>
  </testcase> <!-- startReport -->
  <testcase name="endReport" classname="com.opencart.newopencart.ExtentReportsClass">
    <skipped/>
  </testcase> <!-- endReport -->
  <testcase name="endReport" classname="com.opencart.newopencart.ExtentReportsClass">
    <skipped/>
  </testcase> <!-- endReport -->
  <testcase name="endReport" classname="com.opencart.newopencart.ExtentReportsClass">
    <skipped/>
  </testcase> <!-- endReport -->
</testsuite> <!-- com.opencart.newopencart.AddingPhonestocart -->
