<?xml version="1.0" encoding="UTF-8"?>
<!-- Generated by org.testng.reporters.JUnitReportReporter -->
<testsuite name="com.opencart.newopencart.OrderHistory" tests="1" time="56.054" ignored="0" failures="0" timestamp="08 Feb 2018 09:53:11 GMT" skipped="0" hostname="D-113065398" errors="0">
  <testcase name="Orderhistory" time="56.054" classname="com.opencart.newopencart.OrderHistory"/>
</testsuite> <!-- com.opencart.newopencart.OrderHistory -->
