<?xml version="1.0" encoding="UTF-8"?>
<!-- Generated by org.testng.reporters.JUnitReportReporter -->
<testsuite name="com.opencart.pageoperations.LoginPageOperations" tests="1" time="2.811" ignored="0" failures="0" timestamp="02 Feb 2018 06:32:32 GMT" skipped="0" hostname="D-113065398" errors="0">
  <testcase name="login" time="2.811" classname="com.opencart.pageoperations.LoginPageOperations"/>
</testsuite> <!-- com.opencart.pageoperations.LoginPageOperations -->
