<?xml version="1.0" encoding="UTF-8"?>
<!-- Generated by org.testng.reporters.JUnitReportReporter -->
<testsuite name="com.opencart.newopencart.AddingPhonestocart" tests="1" time="73.473" ignored="0" failures="0" timestamp="13 Feb 2018 13:33:39 GMT" skipped="0" hostname="D-113065398" errors="0">
  <testcase name="addingPhonestocart" time="73.473" classname="com.opencart.newopencart.AddingPhonestocart"/>
</testsuite> <!-- com.opencart.newopencart.AddingPhonestocart -->
