<?xml version="1.0" encoding="UTF-8"?>
<!-- Generated by org.testng.reporters.JUnitReportReporter -->
<testsuite name="practice.DataProviderTest" tests="1" time="10.228" ignored="0" failures="0" timestamp="12 Feb 2018 07:18:48 GMT" skipped="0" hostname="D-113065398" errors="0">
  <testcase name="test" time="10.228" classname="practice.DataProviderTest"/>
</testsuite> <!-- practice.DataProviderTest -->
