<?xml version="1.0" encoding="UTF-8"?>
<!-- Generated by org.testng.reporters.JUnitReportReporter -->
<testsuite name="com.opencart.newopencart.RegistrationAddToCart" tests="5" time="0.000" ignored="2" failures="0" timestamp="15 Feb 2018 12:07:55 GMT" skipped="5" hostname="D-113065398" errors="0">
  <testcase name="addToWishlist" time="0.000" classname="com.opencart.newopencart.RegistrationAddToCart">
    <skipped/>
  </testcase> <!-- addToWishlist -->
  <testcase name="registration" time="0.000" classname="com.opencart.newopencart.RegistrationAddToCart">
    <skipped/>
  </testcase> <!-- registration -->
  <testcase name="addToCart" time="0.000" classname="com.opencart.newopencart.RegistrationAddToCart">
    <skipped/>
  </testcase> <!-- addToCart -->
  <testcase name="addReviewOnViewedProduct" time="0.000" classname="com.opencart.newopencart.RegistrationAddToCart">
    <skipped/>
  </testcase> <!-- addReviewOnViewedProduct -->
  <testcase name="addReviewOnViewedProduct" time="0.000" classname="com.opencart.newopencart.RegistrationAddToCart">
    <skipped/>
  </testcase> <!-- addReviewOnViewedProduct -->
  <testcase name="startReport" classname="com.opencart.newopencart.ExtentReportsClass">
    <skipped/>
  </testcase> <!-- startReport -->
  <testcase name="endReport" classname="com.opencart.newopencart.ExtentReportsClass">
    <skipped/>
  </testcase> <!-- endReport -->
</testsuite> <!-- com.opencart.newopencart.RegistrationAddToCart -->
