<?xml version="1.0" encoding="UTF-8"?>
<!-- Generated by org.testng.reporters.JUnitReportReporter -->
<testsuite name="com.opencart.newopencart.TC_1" tests="1" time="3.840" ignored="0" failures="0" timestamp="31 Jan 2018 11:50:18 GMT" skipped="0" hostname="D-113065398" errors="0">
  <testcase name="Login" time="3.840" classname="com.opencart.newopencart.TC_1"/>
</testsuite> <!-- com.opencart.newopencart.TC_1 -->
