<?xml version="1.0" encoding="UTF-8"?>
<!-- Generated by org.testng.reporters.JUnitReportReporter -->
<testsuite name="com.opencart.newopencart.ProductComparison" tests="1" time="78.596" ignored="2" failures="0" timestamp="14 Feb 2018 13:10:43 GMT" skipped="0" hostname="D-113065398" errors="0">
  <testcase name="productcomparison" time="78.596" classname="com.opencart.newopencart.ProductComparison"/>
  <testcase name="startReport" classname="com.opencart.newopencart.ExtentReportsClass">
    <skipped/>
  </testcase> <!-- startReport -->
  <testcase name="endReport" classname="com.opencart.newopencart.ExtentReportsClass">
    <skipped/>
  </testcase> <!-- endReport -->
</testsuite> <!-- com.opencart.newopencart.ProductComparison -->
