<?xml version="1.0" encoding="UTF-8"?>
<!-- Generated by org.testng.reporters.JUnitReportReporter -->
<testsuite name="com.opencart.newopencart.NewTest" tests="5" time="0.000" ignored="0" failures="0" timestamp="30 Jan 2018 10:20:43 GMT" skipped="0" hostname="D-113065398" errors="0">
  <testcase name="d" time="0.000" classname="com.opencart.newopencart.NewTest"/>
  <testcase name="b" time="0.000" classname="com.opencart.newopencart.NewTest"/>
  <testcase name="e" time="0.000" classname="com.opencart.newopencart.NewTest"/>
  <testcase name="a" time="0.000" classname="com.opencart.newopencart.NewTest"/>
  <testcase name="c" time="0.000" classname="com.opencart.newopencart.NewTest"/>
</testsuite> <!-- com.opencart.newopencart.NewTest -->
