<?xml version="1.0" encoding="UTF-8"?>
<!-- Generated by org.testng.reporters.JUnitReportReporter -->
<testsuite name="com.opencart.newopencart.OpencartDemo" tests="3" time="213.122" ignored="0" failures="0" timestamp="16 Feb 2018 06:24:51 GMT" skipped="0" hostname="D-113065398" errors="0">
  <testcase name="addingPhonestocart" time="73.698" classname="com.opencart.newopencart.OpencartDemo"/>
  <testcase name="Orderhistory" time="56.465" classname="com.opencart.newopencart.OpencartDemo"/>
  <testcase name="productcomparison" time="82.959" classname="com.opencart.newopencart.OpencartDemo"/>
</testsuite> <!-- com.opencart.newopencart.OpencartDemo -->
