<?xml version="1.0" encoding="UTF-8"?>
<!-- Generated by org.testng.reporters.JUnitReportReporter -->
<testsuite name="com.opencart.newopencart.Registration_AddToCart" tests="5" time="135.715" ignored="0" failures="0" timestamp="07 Feb 2018 06:29:50 GMT" skipped="0" hostname="D-113065398" errors="0">
  <testcase name="registration" time="2.023" classname="com.opencart.newopencart.Registration_AddToCart"/>
  <testcase name="addReviewOnViewedProduct" time="24.127" classname="com.opencart.newopencart.Registration_AddToCart"/>
  <testcase name="addToWishlist" time="2.099" classname="com.opencart.newopencart.Registration_AddToCart"/>
  <testcase name="addReviewOnViewedProduct" time="89.104" classname="com.opencart.newopencart.Registration_AddToCart"/>
  <testcase name="addToCart" time="18.362" classname="com.opencart.newopencart.Registration_AddToCart"/>
</testsuite> <!-- com.opencart.newopencart.Registration_AddToCart -->
