<?xml version="1.0" encoding="UTF-8"?>
<!-- Generated by org.testng.reporters.JUnitReportReporter -->
<testsuite name="com.opencart.newopencart.ExtentReportsClass" tests="2" time="0.012" ignored="0" failures="0" timestamp="29 Jan 2018 08:55:32 GMT" skipped="0" hostname="D-113065398" errors="0">
  <testcase name="failTest" time="0.010" classname="com.opencart.newopencart.ExtentReportsClass"/>
  <testcase name="passTest" time="0.002" classname="com.opencart.newopencart.ExtentReportsClass"/>
</testsuite> <!-- com.opencart.newopencart.ExtentReportsClass -->
